
<<<<<<< HEAD
2월 01, 2021 12:45:43.24 NEW SESSION
2월 01, 2021 12:45:43.24 [3216:18028:0201/124543.243:ERROR:device_event_log_impl.cc(211)] [12:45:43.243] USB: usb_device_handle_win.cc:1049 Failed to read descriptor from node connection: 시스템에 부착된 장치가 작동하지 않습니다. (0x1F)
2월 01, 2021 15:50:49.00 [3216:18028:0201/155049.002:ERROR:device_event_log_impl.cc(211)] [15:50:49.001] USB: usb_service_win.cc:258 Failed to get device driver name: 요소가 없습니다. (0x490)

2월 02, 2021 11:44:26.72 NEW SESSION
2월 02, 2021 11:44:26.72 [22240:6452:0202/114426.717:ERROR:device_event_log_impl.cc(211)] [11:44:26.716] USB: usb_device_handle_win.cc:1049 Failed to read descriptor from node connection: 시스템에 부착된 장치가 작동하지 않습니다. (0x1F)

2월 02, 2021 20:10:33.92 NEW SESSION
2월 02, 2021 20:10:33.92 [9488:11592:0202/201033.897:ERROR:connection_factory_impl.cc(428)] Failed to connect to MCS endpoint with error -106
2월 02, 2021 20:10:59.27 [9488:11592:0202/201059.275:ERROR:connection_factory_impl.cc(428)] Failed to connect to MCS endpoint with error -106
2월 02, 2021 20:11:42.82 [9488:11592:0202/201142.821:ERROR:connection_factory_impl.cc(428)] Failed to connect to MCS endpoint with error -106
2월 02, 2021 20:13:20.91 [9488:11592:0202/201320.913:ERROR:connection_factory_impl.cc(428)] Failed to connect to MCS endpoint with error -106
2월 02, 2021 20:16:14.65 [9488:11592:0202/201614.655:ERROR:connection_factory_impl.cc(428)] Failed to connect to MCS endpoint with error -106
2월 02, 2021 20:24:06.44 [9488:11592:0202/202406.442:ERROR:connection_factory_impl.cc(428)] Failed to connect to MCS endpoint with error -106
2월 02, 2021 20:32:10.07 [9488:15748:0202/203210.069:ERROR:get_updates_processor.cc(256)] PostClientToServerMessage() failed during GetUpdates with error 2
2월 02, 2021 20:33:25.07 [9488:14256:0202/203325.073:ERROR:get_updates_processor.cc(256)] PostClientToServerMessage() failed during GetUpdates with error 2
2월 02, 2021 20:34:06.44 [9488:11592:0202/203406.444:ERROR:connection_factory_impl.cc(428)] Failed to connect to MCS endpoint with error -106
2월 02, 2021 20:36:32.07 [9488:14256:0202/203632.078:ERROR:get_updates_processor.cc(256)] PostClientToServerMessage() failed during GetUpdates with error 2
2월 02, 2021 20:41:13.08 [9488:14256:0202/204113.084:ERROR:get_updates_processor.cc(256)] PostClientToServerMessage() failed during GetUpdates with error 2
2월 02, 2021 20:44:06.44 [9488:11592:0202/204406.447:ERROR:connection_factory_impl.cc(428)] Failed to connect to MCS endpoint with error -106
2월 02, 2021 20:48:15.08 [9488:9208:0202/204815.089:ERROR:get_updates_processor.cc(256)] PostClientToServerMessage() failed during GetUpdates with error 2
2월 02, 2021 20:54:06.45 [9488:11592:0202/205406.451:ERROR:connection_factory_impl.cc(428)] Failed to connect to MCS endpoint with error -106
2월 02, 2021 20:58:15.09 [9488:14256:0202/205815.092:ERROR:get_updates_processor.cc(256)] PostClientToServerMessage() failed during GetUpdates with error 2
2월 02, 2021 21:04:06.45 [9488:11592:0202/210406.453:ERROR:connection_factory_impl.cc(428)] Failed to connect to MCS endpoint with error -106
2월 02, 2021 21:08:15.09 [9488:9208:0202/210815.098:ERROR:get_updates_processor.cc(256)] PostClientToServerMessage() failed during GetUpdates with error 2
2월 02, 2021 21:14:06.45 [9488:11592:0202/211406.456:ERROR:connection_factory_impl.cc(428)] Failed to connect to MCS endpoint with error -106
2월 02, 2021 21:18:15.10 [9488:14256:0202/211815.101:ERROR:get_updates_processor.cc(256)] PostClientToServerMessage() failed during GetUpdates with error 2
2월 02, 2021 21:24:06.46 [9488:11592:0202/212406.459:ERROR:connection_factory_impl.cc(428)] Failed to connect to MCS endpoint with error -106
2월 02, 2021 21:28:15.10 [9488:14256:0202/212815.106:ERROR:get_updates_processor.cc(256)] PostClientToServerMessage() failed during GetUpdates with error 2
2월 02, 2021 21:34:06.46 [9488:11592:0202/213406.463:ERROR:connection_factory_impl.cc(428)] Failed to connect to MCS endpoint with error -106
2월 02, 2021 21:38:15.11 [9488:9552:0202/213815.111:ERROR:get_updates_processor.cc(256)] PostClientToServerMessage() failed during GetUpdates with error 2
2월 02, 2021 21:43:47.21 [9488:2728:0202/214347.211:ERROR:get_updates_processor.cc(256)] PostClientToServerMessage() failed during GetUpdates with error 2
2월 03, 2021 09:29:32.80 [9488:12340:0203/092932.803:ERROR:device_event_log_impl.cc(211)] [09:29:32.716] USB: usb_service_win.cc:258 Failed to get device driver name: 요소가 없습니다. (0x490)

2월 03, 2021 13:03:23.40 NEW SESSION
2월 03, 2021 13:03:23.40 [19144:16496:0203/130323.398:ERROR:device_event_log_impl.cc(211)] [13:03:23.398] USB: usb_device_handle_win.cc:1049 Failed to read descriptor from node connection: 시스템에 부착된 장치가 작동하지 않습니다. (0x1F)
2월 03, 2021 13:36:33.28 [18248:2144:0203/133633.282:ERROR:device_event_log_impl.cc(211)] [13:36:33.282] USB: usb_device_handle_win.cc:1049 Failed to read descriptor from node connection: 시스템에 부착된 장치가 작동하지 않습니다. (0x1F)
2월 03, 2021 15:36:10.70 [18248:12892:0203/153610.709:ERROR:connection_factory_impl.cc(428)] Failed to connect to MCS endpoint with error -106
2월 03, 2021 15:36:30.95 [18248:12892:0203/153630.956:ERROR:connection_factory_impl.cc(428)] Failed to connect to MCS endpoint with error -106
2월 03, 2021 15:37:15.84 [18248:12892:0203/153715.841:ERROR:connection_factory_impl.cc(428)] Failed to connect to MCS endpoint with error -106
2월 03, 2021 15:38:38.73 [18248:12892:0203/153838.733:ERROR:connection_factory_impl.cc(428)] Failed to connect to MCS endpoint with error -106
2월 03, 2021 15:42:04.36 [18248:12892:0203/154204.360:ERROR:connection_factory_impl.cc(428)] Failed to connect to MCS endpoint with error -106
2월 03, 2021 15:50:03.68 [18248:2144:0203/155003.681:ERROR:device_event_log_impl.cc(211)] [15:50:03.686] USB: usb_service_win.cc:258 Failed to get device driver name: 요소가 없습니다. (0x490)
=======
1월 30, 2021 22:26:48.66 NEW SESSION
1월 30, 2021 22:26:48.66 [3932:6860:0130/222648.659:ERROR:device_event_log_impl.cc(211)] [22:26:48.659] USB: usb_device_handle_win.cc:1049 Failed to read descriptor from node connection: 시스템에 부착된 장치가 작동하지 않습니다. (0x1F)
1월 30, 2021 22:26:48.67 [3932:6860:0130/222648.663:ERROR:device_event_log_impl.cc(211)] [22:26:48.664] USB: usb_device_handle_win.cc:1049 Failed to read descriptor from node connection: 시스템에 부착된 장치가 작동하지 않습니다. (0x1F)
1월 30, 2021 22:58:27.23 [9504:10716:0130/225827.236:ERROR:device_event_log_impl.cc(211)] [22:58:27.236] USB: usb_device_handle_win.cc:1049 Failed to read descriptor from node connection: 시스템에 부착된 장치가 작동하지 않습니다. (0x1F)
1월 30, 2021 22:58:27.24 [9504:10716:0130/225827.238:ERROR:device_event_log_impl.cc(211)] [22:58:27.238] USB: usb_device_handle_win.cc:1049 Failed to read descriptor from node connection: 시스템에 부착된 장치가 작동하지 않습니다. (0x1F)

1월 31, 2021 14:17:35.31 NEW SESSION
1월 31, 2021 14:17:35.31 [16732:18312:0131/141735.308:ERROR:device_event_log_impl.cc(211)] [14:17:35.308] USB: usb_device_handle_win.cc:1049 Failed to read descriptor from node connection: 시스템에 부착된 장치가 작동하지 않습니다. (0x1F)
1월 31, 2021 14:17:35.32 [16732:18312:0131/141735.310:ERROR:device_event_log_impl.cc(211)] [14:17:35.310] USB: usb_device_handle_win.cc:1049 Failed to read descriptor from node connection: 시스템에 부착된 장치가 작동하지 않습니다. (0x1F)
1월 31, 2021 15:01:39.20 [16732:18312:0131/150139.200:ERROR:device_event_log_impl.cc(211)] [15:01:39.200] USB: usb_service_win.cc:258 Failed to get device driver name: 요소가 없습니다. (0x490)

2월 01, 2021 10:51:07.93 NEW SESSION
2월 01, 2021 10:51:07.93 [16164:2912:0201/105107.935:ERROR:device_event_log_impl.cc(211)] [10:51:07.935] USB: usb_device_handle_win.cc:1049 Failed to read descriptor from node connection: 시스템에 부착된 장치가 작동하지 않습니다. (0x1F)
2월 01, 2021 10:51:07.94 [16164:2912:0201/105107.940:ERROR:device_event_log_impl.cc(211)] [10:51:07.940] USB: usb_device_handle_win.cc:1049 Failed to read descriptor from node connection: 시스템에 부착된 장치가 작동하지 않습니다. (0x1F)
2월 01, 2021 10:59:11.62 [9772:11804:0201/105911.621:ERROR:device_event_log_impl.cc(211)] [10:59:11.621] USB: usb_device_handle_win.cc:1049 Failed to read descriptor from node connection: 시스템에 부착된 장치가 작동하지 않습니다. (0x1F)
2월 01, 2021 10:59:11.63 [9772:11804:0201/105911.624:ERROR:device_event_log_impl.cc(211)] [10:59:11.624] USB: usb_device_handle_win.cc:1049 Failed to read descriptor from node connection: 시스템에 부착된 장치가 작동하지 않습니다. (0x1F)
2월 01, 2021 11:41:46.18 [15864:12232:0201/114146.186:ERROR:device_event_log_impl.cc(211)] [11:41:46.186] USB: usb_device_handle_win.cc:1049 Failed to read descriptor from node connection: 시스템에 부착된 장치가 작동하지 않습니다. (0x1F)
2월 01, 2021 11:41:46.19 [15864:12232:0201/114146.187:ERROR:device_event_log_impl.cc(211)] [11:41:46.187] USB: usb_device_handle_win.cc:1049 Failed to read descriptor from node connection: 시스템에 부착된 장치가 작동하지 않습니다. (0x1F)
2월 01, 2021 11:54:07.93 [14760:4456:0201/115407.932:ERROR:device_event_log_impl.cc(211)] [11:54:07.932] USB: usb_device_handle_win.cc:1049 Failed to read descriptor from node connection: 시스템에 부착된 장치가 작동하지 않습니다. (0x1F)
2월 01, 2021 11:54:07.94 [14760:4456:0201/115407.934:ERROR:device_event_log_impl.cc(211)] [11:54:07.933] USB: usb_device_handle_win.cc:1049 Failed to read descriptor from node connection: 시스템에 부착된 장치가 작동하지 않습니다. (0x1F)

2월 01, 2021 14:42:37.58 NEW SESSION
2월 01, 2021 14:42:37.58 [9328:6656:0201/144237.580:ERROR:device_event_log_impl.cc(211)] [14:42:37.580] USB: usb_device_handle_win.cc:1049 Failed to read descriptor from node connection: 시스템에 부착된 장치가 작동하지 않습니다. (0x1F)
2월 01, 2021 14:42:37.59 [9328:6656:0201/144237.581:ERROR:device_event_log_impl.cc(211)] [14:42:37.581] USB: usb_device_handle_win.cc:1049 Failed to read descriptor from node connection: 시스템에 부착된 장치가 작동하지 않습니다. (0x1F)

2월 01, 2021 20:18:21.92 NEW SESSION
2월 01, 2021 20:18:21.92 [5272:13900:0201/201821.924:ERROR:device_event_log_impl.cc(211)] [20:18:21.924] USB: usb_device_handle_win.cc:1049 Failed to read descriptor from node connection: 시스템에 부착된 장치가 작동하지 않습니다. (0x1F)
2월 01, 2021 20:18:21.93 [5272:13900:0201/201821.927:ERROR:device_event_log_impl.cc(211)] [20:18:21.927] USB: usb_device_handle_win.cc:1049 Failed to read descriptor from node connection: 시스템에 부착된 장치가 작동하지 않습니다. (0x1F)
2월 01, 2021 20:24:29.99 [6456:5956:0201/202429.990:ERROR:device_event_log_impl.cc(211)] [20:24:29.990] USB: usb_device_handle_win.cc:1049 Failed to read descriptor from node connection: 시스템에 부착된 장치가 작동하지 않습니다. (0x1F)
2월 01, 2021 20:24:30.00 [6456:5956:0201/202429.993:ERROR:device_event_log_impl.cc(211)] [20:24:29.993] USB: usb_device_handle_win.cc:1049 Failed to read descriptor from node connection: 시스템에 부착된 장치가 작동하지 않습니다. (0x1F)

2월 02, 2021 13:00:50.05 NEW SESSION
2월 02, 2021 13:00:50.05 [12548:14012:0202/130050.048:ERROR:device_event_log_impl.cc(211)] [13:00:50.048] USB: usb_device_handle_win.cc:1049 Failed to read descriptor from node connection: 시스템에 부착된 장치가 작동하지 않습니다. (0x1F)
2월 02, 2021 13:00:50.06 [12548:14012:0202/130050.049:ERROR:device_event_log_impl.cc(211)] [13:00:50.050] USB: usb_device_handle_win.cc:1049 Failed to read descriptor from node connection: 시스템에 부착된 장치가 작동하지 않습니다. (0x1F)
2월 02, 2021 13:17:44.98 [14132:13116:0202/131744.987:ERROR:device_event_log_impl.cc(211)] [13:17:44.986] USB: usb_device_handle_win.cc:1049 Failed to read descriptor from node connection: 시스템에 부착된 장치가 작동하지 않습니다. (0x1F)
2월 02, 2021 13:17:44.99 [14132:13116:0202/131744.989:ERROR:device_event_log_impl.cc(211)] [13:17:44.989] USB: usb_device_handle_win.cc:1049 Failed to read descriptor from node connection: 시스템에 부착된 장치가 작동하지 않습니다. (0x1F)
2월 02, 2021 13:38:41.05 [14132:13116:0202/133841.053:ERROR:device_event_log_impl.cc(211)] [13:38:41.052] USB: usb_service_win.cc:258 Failed to get device driver name: 요소가 없습니다. (0x490)
2월 02, 2021 13:38:41.06 [14132:13116:0202/133841.058:ERROR:device_event_log_impl.cc(211)] [13:38:41.058] USB: usb_service_win.cc:281 SetupDiEnumDeviceInterfaces: 사용 가능한 데이터가 없습니다. (0x103)
2월 02, 2021 13:41:11.51 [14772:900:0202/134111.513:ERROR:device_event_log_impl.cc(211)] [13:41:11.513] USB: usb_device_handle_win.cc:1049 Failed to read descriptor from node connection: 시스템에 부착된 장치가 작동하지 않습니다. (0x1F)
2월 02, 2021 13:41:11.52 [14772:900:0202/134111.520:ERROR:device_event_log_impl.cc(211)] [13:41:11.519] USB: usb_device_handle_win.cc:1049 Failed to read descriptor from node connection: 시스템에 부착된 장치가 작동하지 않습니다. (0x1F)
2월 02, 2021 13:54:00.95 [14772:900:0202/135400.958:ERROR:device_event_log_impl.cc(211)] [13:54:00.958] USB: usb_service_win.cc:258 Failed to get device driver name: 요소가 없습니다. (0x490)
2월 02, 2021 13:54:00.97 [14772:900:0202/135400.965:ERROR:device_event_log_impl.cc(211)] [13:54:00.965] USB: usb_service_win.cc:281 SetupDiEnumDeviceInterfaces: 사용 가능한 데이터가 없습니다. (0x103)

2월 02, 2021 15:24:35.28 NEW SESSION
2월 02, 2021 15:24:35.28 [13744:13748:0202/152435.276:ERROR:device_event_log_impl.cc(211)] [15:24:35.277] USB: usb_device_handle_win.cc:1049 Failed to read descriptor from node connection: 시스템에 부착된 장치가 작동하지 않습니다. (0x1F)
2월 02, 2021 15:24:35.29 [13744:13748:0202/152435.284:ERROR:device_event_log_impl.cc(211)] [15:24:35.284] USB: usb_device_handle_win.cc:1049 Failed to read descriptor from node connection: 시스템에 부착된 장치가 작동하지 않습니다. (0x1F)
2월 02, 2021 16:04:45.24 [4652:6560:0202/160445.247:ERROR:device_event_log_impl.cc(211)] [16:04:45.248] USB: usb_device_handle_win.cc:1049 Failed to read descriptor from node connection: 시스템에 부착된 장치가 작동하지 않습니다. (0x1F)
2월 02, 2021 16:04:45.25 [4652:6560:0202/160445.253:ERROR:device_event_log_impl.cc(211)] [16:04:45.253] USB: usb_device_handle_win.cc:1049 Failed to read descriptor from node connection: 시스템에 부착된 장치가 작동하지 않습니다. (0x1F)
2월 02, 2021 16:05:26.29 [15024:13032:0202/160526.299:ERROR:device_event_log_impl.cc(211)] [16:05:26.298] USB: usb_device_handle_win.cc:1049 Failed to read descriptor from node connection: 시스템에 부착된 장치가 작동하지 않습니다. (0x1F)
2월 02, 2021 16:05:26.30 [15024:13032:0202/160526.303:ERROR:device_event_log_impl.cc(211)] [16:05:26.302] USB: usb_device_handle_win.cc:1049 Failed to read descriptor from node connection: 시스템에 부착된 장치가 작동하지 않습니다. (0x1F)
2월 02, 2021 16:08:55.36 [6760:9896:0202/160855.367:ERROR:device_event_log_impl.cc(211)] [16:08:55.366] USB: usb_device_handle_win.cc:1049 Failed to read descriptor from node connection: 시스템에 부착된 장치가 작동하지 않습니다. (0x1F)
2월 02, 2021 16:08:55.37 [6760:9896:0202/160855.367:ERROR:device_event_log_impl.cc(211)] [16:08:55.366] USB: usb_device_handle_win.cc:1049 Failed to read descriptor from node connection: 시스템에 부착된 장치가 작동하지 않습니다. (0x1F)
2월 02, 2021 16:40:02.89 [8656:6776:0202/164002.892:ERROR:device_event_log_impl.cc(211)] [16:40:02.893] USB: usb_device_handle_win.cc:1049 Failed to read descriptor from node connection: 시스템에 부착된 장치가 작동하지 않습니다. (0x1F)
2월 02, 2021 16:40:02.90 [8656:6776:0202/164002.895:ERROR:device_event_log_impl.cc(211)] [16:40:02.895] USB: usb_device_handle_win.cc:1049 Failed to read descriptor from node connection: 시스템에 부착된 장치가 작동하지 않습니다. (0x1F)
2월 02, 2021 17:34:21.51 [8656:6776:0202/173421.510:ERROR:device_event_log_impl.cc(211)] [17:34:21.509] USB: usb_service_win.cc:258 Failed to get device driver name: 요소가 없습니다. (0x490)
2월 02, 2021 17:34:21.52 [8656:6776:0202/173421.519:ERROR:device_event_log_impl.cc(211)] [17:34:21.519] USB: usb_service_win.cc:281 SetupDiEnumDeviceInterfaces: 사용 가능한 데이터가 없습니다. (0x103)
2월 02, 2021 17:57:16.35 [8656:6776:0202/175716.354:ERROR:device_event_log_impl.cc(211)] [17:57:16.354] USB: usb_service_win.cc:258 Failed to get device driver name: 요소가 없습니다. (0x490)
2월 02, 2021 17:57:16.36 [8656:6776:0202/175716.362:ERROR:device_event_log_impl.cc(211)] [17:57:16.362] USB: usb_service_win.cc:281 SetupDiEnumDeviceInterfaces: 사용 가능한 데이터가 없습니다. (0x103)
2월 02, 2021 18:26:16.91 [8656:6776:0202/182616.914:ERROR:device_event_log_impl.cc(211)] [18:26:16.914] USB: usb_service_win.cc:258 Failed to get device driver name: 요소가 없습니다. (0x490)
2월 02, 2021 18:26:16.92 [8656:6776:0202/182616.922:ERROR:device_event_log_impl.cc(211)] [18:26:16.922] USB: usb_service_win.cc:281 SetupDiEnumDeviceInterfaces: 사용 가능한 데이터가 없습니다. (0x103)
2월 02, 2021 19:42:12.60 [8656:6776:0202/194212.605:ERROR:device_event_log_impl.cc(211)] [19:42:12.604] USB: usb_service_win.cc:258 Failed to get device driver name: 요소가 없습니다. (0x490)
>>>>>>> 44eacd0cd9469808ac8916311408f828229b7758

2월 03, 2021 18:36:32.69 NEW SESSION
2월 03, 2021 18:36:32.69 [9304:2904:0203/183632.690:ERROR:device_event_log_impl.cc(211)] [18:36:32.691] USB: usb_device_handle_win.cc:1049 Failed to read descriptor from node connection: 시스템에 부착된 장치가 작동하지 않습니다. (0x1F)

2월 04, 2021 14:31:08.44 NEW SESSION
2월 04, 2021 14:31:08.45 [15080:8228:0204/143108.447:ERROR:device_event_log_impl.cc(211)] [14:31:08.447] USB: usb_device_handle_win.cc:1049 Failed to read descriptor from node connection: 시스템에 부착된 장치가 작동하지 않습니다. (0x1F)
2월 04, 2021 16:37:26.67 [15080:6776:0204/163726.679:ERROR:connection_factory_impl.cc(428)] Failed to connect to MCS endpoint with error -105
2월 04, 2021 16:41:21.90 [15080:8228:0204/164121.904:ERROR:device_event_log_impl.cc(211)] [16:41:21.904] USB: usb_service_win.cc:258 Failed to get device driver name: 요소가 없습니다. (0x490)
